\BOOKMARK [1][-]{section.1}{Einleitung}{}% 1
\BOOKMARK [2][-]{subsection.1.1}{Was sind biometrische Kryptosysteme und wozu sind sie wichtig?}{section.1}% 2
\BOOKMARK [1][-]{section.2}{Ursprung}{}% 3
\BOOKMARK [2][-]{subsection.2.1}{Idee hinter Biometrie}{section.2}% 4
\BOOKMARK [2][-]{subsection.2.2}{Heutige Verwendung}{section.2}% 5
\BOOKMARK [1][-]{section.3}{Problematik}{}% 6
\BOOKMARK [2][-]{subsection.3.1}{Gefahr vor Hackangriffen}{section.3}% 7
\BOOKMARK [2][-]{subsection.3.2}{Biometrische Daten sind nicht ver\344nderbar}{section.3}% 8
\BOOKMARK [2][-]{subsection.3.3}{Duplikation von biometrischen Daten}{section.3}% 9
\BOOKMARK [1][-]{section.4}{Biometric Template Protection}{}% 10
\BOOKMARK [2][-]{subsection.4.1}{Fuzzy Commitment}{section.4}% 11
\BOOKMARK [3][-]{subsubsection.4.1.1}{Commitment schemes im Allgemeinen}{subsection.4.1}% 12
\BOOKMARK [3][-]{subsubsection.4.1.2}{Funktionsweise}{subsection.4.1}% 13
\BOOKMARK [3][-]{subsubsection.4.1.3}{Vorteile}{subsection.4.1}% 14
\BOOKMARK [3][-]{subsubsection.4.1.4}{Nachteile}{subsection.4.1}% 15
\BOOKMARK [2][-]{subsection.4.2}{Fuzzy Vault}{section.4}% 16
\BOOKMARK [3][-]{subsubsection.4.2.1}{Funktionsweise}{subsection.4.2}% 17
\BOOKMARK [3][-]{subsubsection.4.2.2}{LOCK-Algorithmus}{subsection.4.2}% 18
\BOOKMARK [3][-]{subsubsection.4.2.3}{UNLOCK-Algorithmus}{subsection.4.2}% 19
\BOOKMARK [3][-]{subsubsection.4.2.4}{Vorteile}{subsection.4.2}% 20
\BOOKMARK [3][-]{subsubsection.4.2.5}{Nachteile}{subsection.4.2}% 21
\BOOKMARK [1][-]{section*.2}{Literatur}{}% 22
